[2025-11-08 16:43:00,797][main.py][line:137][INFO] Config:{'feat_dim': 512, 'dropout_gat': 0.6, 'out_dim': 32, 'alpha': 0.1, 'train_bs': 128, 'workers': 4, 'prefix': 16, 'postfix': 16, 'device': 'cuda:0', 'load_ckpt': False, 'WANDB': False, 'eval_on_cpu': False, 'fixed_prompt': False, 'temporal': True, 'head_num': 4, 'dataset': 'ucf-crime', 'model_name': 'ucf_', 'metrics': 'AUC', 'feat_prefix': '/data/dengyunhui/datasets/UCF-Crime/clip/UCF-CLIP-TSA/', 'train_list': 'list/base2novel/ucf-vit-train_base+normal.list', 'test_list': 'list/ucf/ucf-vit-test.list', 'gt': 'list/ucf/gt-ucf-vit.npy', 'token_feat': 'list/ucf/ucf-prompt_1_not16_859.npy', 'clslist': './list/prompt/ucf_cls.txt', 'has_feature_input': True, 'gamma': 0.6, 'bias': 0.2, 'norm': True, 'temp': 0.09, 'lamda1': 1, 'lamda2': 0.0, 'seed': 10, 'pse_alpha': 0.25, 'pse_gamma': 2.0, 'pse_threshold': 0.4, 'test_bs': 1, 'ckpt_path': 'ucf__ckpt_best_tmp.pkl', 'preprompt': False, 'backbone': 'ViT-B/16', 'mask_rate': 0.55, 'save_dir': './ckpt/base2novel_ucf/', 'logs_dir': 'log_temp.log', 'max_epoch': 30, 'max_seqlen': 200, 'lr': 0.001, 'std_init': 0.01, 'cls_hidden': 128}
[2025-11-08 16:43:15,338][main.py][line:180][INFO] total requires_grad params:4.0440M
[2025-11-08 16:43:15,339][main.py][line:184][INFO] Training Mode
[2025-11-08 16:43:15,339][main.py][line:188][INFO] train from scratch
[2025-11-08 16:43:15,343][main.py][line:63][INFO] Optimizer:Adam (
Parameter Group 0
    amsgrad: False
    betas: (0.9, 0.999)
    capturable: False
    differentiable: False
    eps: 1e-08
    foreach: None
    fused: None
    lr: 0.001
    maximize: False
    weight_decay: 0
)

[2025-11-08 16:43:32,717][main.py][line:71][INFO] Random initialize AUC:0.6304 top1ACC:0.1483 top5ACC:0.4483 mauc:0.6889 mauc_ab:0.6900
[2025-11-08 16:43:48,723][main.py][line:98][INFO] save model at epoch1, AUC:0.8364

[2025-11-08 16:43:48,723][main.py][line:104][INFO] [Epoch:1/30]: loss1:0.4306 loss2:0.0258 pseloss:0.0495| AUC:0.8364 
 top1ACC:0.1034 top5ACC:0.5517 mauc:0.6423 mauc_ab:0.6332
[2025-11-08 16:44:07,757][main.py][line:98][INFO] save model at epoch2, AUC:0.8601

[2025-11-08 16:44:07,758][main.py][line:104][INFO] [Epoch:2/30]: loss1:0.2699 loss2:0.0057 pseloss:0.0508| AUC:0.8601 
 top1ACC:0.2000 top5ACC:0.6448 mauc:0.5185 mauc_ab:0.4979
[2025-11-08 16:44:25,192][main.py][line:104][INFO] [Epoch:3/30]: loss1:0.1811 loss2:0.0025 pseloss:0.0429| AUC:0.8435 
 top1ACC:0.1793 top5ACC:0.6310 mauc:0.5242 mauc_ab:0.5020
