[2025-11-08 16:32:46,429][main.py][line:137][INFO] Config:{'feat_dim': 512, 'dropout_gat': 0.6, 'out_dim': 32, 'alpha': 0.1, 'train_bs': 128, 'workers': 4, 'prefix': 16, 'postfix': 16, 'device': 'cuda:0', 'load_ckpt': False, 'WANDB': False, 'eval_on_cpu': False, 'fixed_prompt': False, 'temporal': True, 'head_num': 4, 'dataset': 'ucf-crime', 'model_name': 'ucf_', 'metrics': 'AUC', 'feat_prefix': '/data/dengyunhui/datasets/UCF-Crime/clip/UCF-CLIP-TSA/', 'train_list': 'list/base2novel/ucf-vit-train_base+normal.list', 'test_list': 'list/ucf/ucf-vit-test.list', 'gt': 'list/ucf/gt-ucf-vit.npy', 'token_feat': 'list/ucf/ucf-prompt_1_not16_859.npy', 'clslist': './list/prompt/ucf_cls.txt', 'has_feature_input': True, 'gamma': 0.6, 'bias': 0.2, 'norm': True, 'temp': 0.09, 'lamda1': 1, 'lamda2': 0.0, 'seed': 10, 'pse_alpha': 0.25, 'pse_gamma': 2.0, 'pse_threshold': 0.4, 'test_bs': 1, 'ckpt_path': 'ucf__ckpt_best_tmp.pkl', 'preprompt': False, 'backbone': 'ViT-B/16', 'mask_rate': 0.55, 'save_dir': './ckpt/base2novel_ucf/', 'logs_dir': 'log_temp.log', 'max_epoch': 30, 'max_seqlen': 200, 'lr': 0.001, 'std_init': 0.01, 'cls_hidden': 128}
[2025-11-08 16:33:01,984][main.py][line:180][INFO] total requires_grad params:4.0440M
[2025-11-08 16:33:01,985][main.py][line:184][INFO] Training Mode
[2025-11-08 16:33:01,985][main.py][line:188][INFO] train from scratch
[2025-11-08 16:33:01,989][main.py][line:63][INFO] Optimizer:Adam (
Parameter Group 0
    amsgrad: False
    betas: (0.9, 0.999)
    capturable: False
    differentiable: False
    eps: 1e-08
    foreach: None
    fused: None
    lr: 0.001
    maximize: False
    weight_decay: 0
)

[2025-11-08 16:33:21,024][main.py][line:71][INFO] Random initialize AUC:0.6304 top1ACC:0.1483 top5ACC:0.4483 mauc:0.6889 mauc_ab:0.6900
[2025-11-08 16:37:01,863][main.py][line:137][INFO] Config:{'feat_dim': 512, 'dropout_gat': 0.6, 'out_dim': 32, 'alpha': 0.1, 'train_bs': 128, 'workers': 4, 'prefix': 16, 'postfix': 16, 'device': 'cuda:0', 'load_ckpt': False, 'WANDB': False, 'eval_on_cpu': False, 'fixed_prompt': False, 'temporal': True, 'head_num': 4, 'dataset': 'ucf-crime', 'model_name': 'ucf_', 'metrics': 'AUC', 'feat_prefix': '/data/dengyunhui/datasets/UCF-Crime/clip/UCF-CLIP-TSA/', 'train_list': 'list/base2novel/ucf-vit-train_base+normal.list', 'test_list': 'list/ucf/ucf-vit-test.list', 'gt': 'list/ucf/gt-ucf-vit.npy', 'token_feat': 'list/ucf/ucf-prompt_1_not16_859.npy', 'clslist': './list/prompt/ucf_cls.txt', 'has_feature_input': True, 'gamma': 0.6, 'bias': 0.2, 'norm': True, 'temp': 0.09, 'lamda1': 1, 'lamda2': 0.0, 'seed': 10, 'pse_alpha': 0.25, 'pse_gamma': 2.0, 'pse_threshold': 0.4, 'test_bs': 1, 'ckpt_path': 'ucf__ckpt_best_tmp.pkl', 'preprompt': False, 'backbone': 'ViT-B/16', 'mask_rate': 0.55, 'save_dir': './ckpt/base2novel_ucf/', 'logs_dir': 'log_temp.log', 'max_epoch': 30, 'max_seqlen': 200, 'lr': 0.001, 'std_init': 0.01, 'cls_hidden': 128}
[2025-11-08 16:37:16,321][main.py][line:180][INFO] total requires_grad params:4.0440M
[2025-11-08 16:37:16,322][main.py][line:184][INFO] Training Mode
[2025-11-08 16:37:16,322][main.py][line:188][INFO] train from scratch
[2025-11-08 16:37:16,327][main.py][line:63][INFO] Optimizer:Adam (
Parameter Group 0
    amsgrad: False
    betas: (0.9, 0.999)
    capturable: False
    differentiable: False
    eps: 1e-08
    foreach: None
    fused: None
    lr: 0.001
    maximize: False
    weight_decay: 0
)

[2025-11-08 16:37:33,031][main.py][line:71][INFO] Random initialize AUC:0.6304 top1ACC:0.1483 top5ACC:0.4483 mauc:0.6889 mauc_ab:0.6900
[2025-11-08 16:39:48,874][main.py][line:137][INFO] Config:{'feat_dim': 512, 'dropout_gat': 0.6, 'out_dim': 32, 'alpha': 0.1, 'train_bs': 128, 'workers': 4, 'prefix': 16, 'postfix': 16, 'device': 'cuda:0', 'load_ckpt': False, 'WANDB': False, 'eval_on_cpu': False, 'fixed_prompt': False, 'temporal': True, 'head_num': 4, 'dataset': 'ucf-crime', 'model_name': 'ucf_', 'metrics': 'AUC', 'feat_prefix': '/data/dengyunhui/datasets/UCF-Crime/clip/UCF-CLIP-TSA/', 'train_list': 'list/base2novel/ucf-vit-train_base+normal.list', 'test_list': 'list/ucf/ucf-vit-test.list', 'gt': 'list/ucf/gt-ucf-vit.npy', 'token_feat': 'list/ucf/ucf-prompt_1_not16_859.npy', 'clslist': './list/prompt/ucf_cls.txt', 'has_feature_input': True, 'gamma': 0.6, 'bias': 0.2, 'norm': True, 'temp': 0.09, 'lamda1': 1, 'lamda2': 0.0, 'seed': 10, 'pse_alpha': 0.25, 'pse_gamma': 2.0, 'pse_threshold': 0.4, 'test_bs': 1, 'ckpt_path': 'ucf__ckpt_best_tmp.pkl', 'preprompt': False, 'backbone': 'ViT-B/16', 'mask_rate': 0.55, 'save_dir': './ckpt/base2novel_ucf/', 'logs_dir': 'log_temp.log', 'max_epoch': 30, 'max_seqlen': 200, 'lr': 0.001, 'std_init': 0.01, 'cls_hidden': 128}
[2025-11-08 16:40:02,024][main.py][line:180][INFO] total requires_grad params:4.0440M
[2025-11-08 16:40:02,024][main.py][line:184][INFO] Training Mode
[2025-11-08 16:40:02,024][main.py][line:188][INFO] train from scratch
[2025-11-08 16:40:02,028][main.py][line:63][INFO] Optimizer:Adam (
Parameter Group 0
    amsgrad: False
    betas: (0.9, 0.999)
    capturable: False
    differentiable: False
    eps: 1e-08
    foreach: None
    fused: None
    lr: 0.001
    maximize: False
    weight_decay: 0
)

[2025-11-08 16:40:18,102][main.py][line:71][INFO] Random initialize AUC:0.6304 top1ACC:0.1483 top5ACC:0.4483 mauc:0.6889 mauc_ab:0.6900
[2025-11-08 16:40:38,692][main.py][line:98][INFO] save model at epoch1, AUC:0.8061

[2025-11-08 16:40:38,693][main.py][line:104][INFO] [Epoch:1/30]: loss1:0.5284 loss2:0.3795 pseloss:0.0538| AUC:0.8061 
 top1ACC:0.2517 top5ACC:0.5966 mauc:0.5596 mauc_ab:0.5635
[2025-11-08 16:40:58,955][main.py][line:98][INFO] save model at epoch2, AUC:0.8419

[2025-11-08 16:40:58,956][main.py][line:104][INFO] [Epoch:2/30]: loss1:0.3400 loss2:0.0371 pseloss:0.0450| AUC:0.8419 
 top1ACC:0.4069 top5ACC:0.6586 mauc:0.5776 mauc_ab:0.5746
[2025-11-08 16:41:18,059][main.py][line:98][INFO] save model at epoch3, AUC:0.8588

[2025-11-08 16:41:18,060][main.py][line:104][INFO] [Epoch:3/30]: loss1:0.2389 loss2:0.0319 pseloss:0.0399| AUC:0.8588 
 top1ACC:0.3310 top5ACC:0.6414 mauc:0.5990 mauc_ab:0.6023
[2025-11-08 16:41:37,396][main.py][line:98][INFO] save model at epoch4, AUC:0.8670

[2025-11-08 16:41:37,397][main.py][line:104][INFO] [Epoch:4/30]: loss1:0.1985 loss2:0.0202 pseloss:0.0391| AUC:0.8670 
 top1ACC:0.3034 top5ACC:0.6172 mauc:0.5792 mauc_ab:0.5812
[2025-11-08 16:41:53,011][main.py][line:104][INFO] [Epoch:5/30]: loss1:0.1677 loss2:0.0155 pseloss:0.0358| AUC:0.8539 
 top1ACC:0.2966 top5ACC:0.6103 mauc:0.5860 mauc_ab:0.5897
[2025-11-08 16:42:09,415][main.py][line:104][INFO] [Epoch:6/30]: loss1:0.1399 loss2:0.0143 pseloss:0.0388| AUC:0.8523 
 top1ACC:0.3310 top5ACC:0.6241 mauc:0.5998 mauc_ab:0.6029
[2025-11-08 16:42:23,270][main.py][line:104][INFO] [Epoch:7/30]: loss1:0.1215 loss2:0.0160 pseloss:0.0404| AUC:0.8390 
 top1ACC:0.3517 top5ACC:0.6345 mauc:0.6061 mauc_ab:0.6086
